Jan 11, 2017 2:36:14 PM net.sourceforge.tessboxeditor.TessTrainer text2image
INFO: text2image
Jan 11, 2017 2:36:14 PM net.sourceforge.tessboxeditor.TessTrainer runCommand
INFO: Command: [/usr/local/bin/text2image, --text=/Users/phonephyo/Downloads/jTessBoxEditor/trained/input.txt, --outputbase=/Users/phonephyo/Downloads/jTessBoxEditor/trained/pgo.lato.exp0, --font=Lato-Regular, --ptsize=18, --fonts_dir=/Library/Fonts/, --exposure=0, --char_spacing=0.000000, --leading=12, --xsize=2550, --ysize=3300]
Jan 11, 2017 2:36:15 PM net.sourceforge.tessboxeditor.TessTrainer runCommand
INFO: Exit value = 134
Jan 11, 2017 2:36:15 PM net.sourceforge.tessboxeditor.TessTrainer runCommand
INFO: Command: [/usr/local/bin/text2image, --text=/Users/phonephyo/Downloads/jTessBoxEditor/trained/input.txt, --outputbase=/Users/phonephyo/Downloads/jTessBoxEditor/trained/pgo.lato.exp0, --font=Lato,-Regular, --ptsize=18, --fonts_dir=/Library/Fonts/, --exposure=0, --char_spacing=0.000000, --leading=12, --xsize=2550, --ysize=3300]
Jan 11, 2017 2:36:15 PM net.sourceforge.tessboxeditor.TessTrainer runCommand
INFO: Exit value = 134
Jan 11, 2017 2:36:15 PM net.sourceforge.tessboxeditor.GuiWithGenerator$3 done
SEVERE: java.lang.RuntimeException: text2image error. Please use alternate methods or try a different font.
java.util.concurrent.ExecutionException: java.lang.RuntimeException: text2image error. Please use alternate methods or try a different font.
	at java.util.concurrent.FutureTask.report(FutureTask.java:122)
	at java.util.concurrent.FutureTask.get(FutureTask.java:192)
	at javax.swing.SwingWorker.get(SwingWorker.java:602)
	at net.sourceforge.tessboxeditor.GuiWithGenerator$3.done(Unknown Source)
	at javax.swing.SwingWorker$5.run(SwingWorker.java:737)
	at javax.swing.SwingWorker$DoSubmitAccumulativeRunnable.run(SwingWorker.java:832)
	at sun.swing.AccumulativeRunnable.run(AccumulativeRunnable.java:112)
	at javax.swing.SwingWorker$DoSubmitAccumulativeRunnable.actionPerformed(SwingWorker.java:842)
	at javax.swing.Timer.fireActionPerformed(Timer.java:313)
	at javax.swing.Timer$DoPostEvent.run(Timer.java:245)
	at java.awt.event.InvocationEvent.dispatch(InvocationEvent.java:311)
	at java.awt.EventQueue.dispatchEventImpl(EventQueue.java:756)
	at java.awt.EventQueue.access$500(EventQueue.java:97)
	at java.awt.EventQueue$3.run(EventQueue.java:709)
	at java.awt.EventQueue$3.run(EventQueue.java:703)
	at java.security.AccessController.doPrivileged(Native Method)
	at java.security.ProtectionDomain$JavaSecurityAccessImpl.doIntersectionPrivilege(ProtectionDomain.java:76)
	at java.awt.EventQueue.dispatchEvent(EventQueue.java:726)
	at java.awt.EventDispatchThread.pumpOneEventForFilters(EventDispatchThread.java:201)
	at java.awt.EventDispatchThread.pumpEventsForFilter(EventDispatchThread.java:116)
	at java.awt.EventDispatchThread.pumpEventsForHierarchy(EventDispatchThread.java:105)
	at java.awt.EventDispatchThread.pumpEvents(EventDispatchThread.java:101)
	at java.awt.EventDispatchThread.pumpEvents(EventDispatchThread.java:93)
	at java.awt.EventDispatchThread.run(EventDispatchThread.java:82)
Caused by: java.lang.RuntimeException: text2image error. Please use alternate methods or try a different font.
	at net.sourceforge.tessboxeditor.TessTrainer.runCommand(Unknown Source)
	at net.sourceforge.tessboxeditor.TessTrainer.text2image(Unknown Source)
	at net.sourceforge.tessboxeditor.GuiWithGenerator.generateTiffBox(Unknown Source)
	at net.sourceforge.tessboxeditor.GuiWithGenerator$3.doInBackground(Unknown Source)
	at net.sourceforge.tessboxeditor.GuiWithGenerator$3.doInBackground(Unknown Source)
	at javax.swing.SwingWorker$1.call(SwingWorker.java:295)
	at java.util.concurrent.FutureTask.run(FutureTask.java:266)
	at javax.swing.SwingWorker.run(SwingWorker.java:334)
	at java.util.concurrent.ThreadPoolExecutor.runWorker(ThreadPoolExecutor.java:1142)
	at java.util.concurrent.ThreadPoolExecutor$Worker.run(ThreadPoolExecutor.java:617)
	at java.lang.Thread.run(Thread.java:745)

Jan 11, 2017 2:39:53 PM net.sourceforge.tessboxeditor.TessTrainer generateTraineddata
INFO: Run Tesseract for Training
Jan 11, 2017 2:39:53 PM net.sourceforge.tessboxeditor.TessTrainer runCommand
INFO: Command: [/usr/local/bin/tesseract, pgo.lato.exp0.tif, pgo.lato.exp0, box.train]
Jan 11, 2017 2:39:54 PM net.sourceforge.tessboxeditor.TessTrainer runCommand
INFO: Exit value = 0
Jan 11, 2017 2:39:54 PM net.sourceforge.tessboxeditor.TessTrainer runCommand
INFO: Command: [/usr/local/bin/tesseract, pgo.latob.exp0.tif, pgo.latob.exp0, box.train]
Jan 11, 2017 2:39:54 PM net.sourceforge.tessboxeditor.TessTrainer runCommand
INFO: Exit value = 0
Jan 11, 2017 2:39:54 PM net.sourceforge.tessboxeditor.TessTrainer runCommand
INFO: Command: [/usr/local/bin/tesseract, pgo.latobi.exp0.tif, pgo.latobi.exp0, box.train]
Jan 11, 2017 2:39:55 PM net.sourceforge.tessboxeditor.TessTrainer runCommand
INFO: Exit value = 0
Jan 11, 2017 2:39:55 PM net.sourceforge.tessboxeditor.TessTrainer runCommand
INFO: Command: [/usr/local/bin/tesseract, pgo.latoi.exp0.tif, pgo.latoi.exp0, box.train]
Jan 11, 2017 2:39:56 PM net.sourceforge.tessboxeditor.TessTrainer runCommand
INFO: Exit value = 0
Jan 11, 2017 2:39:56 PM net.sourceforge.tessboxeditor.TessTrainer generateTraineddata
INFO: Compute the Character Set
Jan 11, 2017 2:39:56 PM net.sourceforge.tessboxeditor.TessTrainer runCommand
INFO: Command: [/usr/local/bin/unicharset_extractor, pgo.lato.exp0.box, pgo.latob.exp0.box, pgo.latobi.exp0.box, pgo.latoi.exp0.box]
Jan 11, 2017 2:39:56 PM net.sourceforge.tessboxeditor.TessTrainer runCommand
INFO: Exit value = 0
Jan 11, 2017 2:39:56 PM net.sourceforge.tessboxeditor.TessTrainer runShapeClustering
INFO: Shape Clustering
Jan 11, 2017 2:39:56 PM net.sourceforge.tessboxeditor.TessTrainer runCommand
INFO: Command: [/usr/local/bin/shapeclustering, -F, pgo.font_properties, -U, unicharset, pgo.lato.exp0.tr, pgo.latob.exp0.tr, pgo.latobi.exp0.tr, pgo.latoi.exp0.tr]
Jan 11, 2017 2:40:10 PM net.sourceforge.tessboxeditor.TessTrainer runCommand
INFO: Exit value = 0
Jan 11, 2017 2:40:10 PM net.sourceforge.tessboxeditor.TessTrainer runShapeClustering
INFO: MF Training
Jan 11, 2017 2:40:10 PM net.sourceforge.tessboxeditor.TessTrainer runCommand
INFO: Command: [/usr/local/bin/mftraining, -F, pgo.font_properties, -U, unicharset, -O, pgo.unicharset, pgo.lato.exp0.tr, pgo.latob.exp0.tr, pgo.latobi.exp0.tr, pgo.latoi.exp0.tr]
Jan 11, 2017 2:40:10 PM net.sourceforge.tessboxeditor.TessTrainer runCommand
INFO: Exit value = 0
Jan 11, 2017 2:40:10 PM net.sourceforge.tessboxeditor.TessTrainer runShapeClustering
INFO: CN Training
Jan 11, 2017 2:40:10 PM net.sourceforge.tessboxeditor.TessTrainer runCommand
INFO: Command: [/usr/local/bin/cntraining, pgo.lato.exp0.tr, pgo.latob.exp0.tr, pgo.latobi.exp0.tr, pgo.latoi.exp0.tr]
Jan 11, 2017 2:40:10 PM net.sourceforge.tessboxeditor.TessTrainer runCommand
INFO: Exit value = 0
Jan 11, 2017 2:40:10 PM net.sourceforge.tessboxeditor.TessTrainer runShapeClustering
INFO: Rename files
Jan 11, 2017 2:40:10 PM net.sourceforge.tessboxeditor.TessTrainer runDictionary
INFO: Dictionary Data
Jan 11, 2017 2:40:10 PM net.sourceforge.tessboxeditor.TessTrainer runCommand
INFO: Command: [/usr/local/bin/wordlist2dawg, pgo.frequent_words_list, pgo.freq-dawg, pgo.unicharset]
Jan 11, 2017 2:40:10 PM net.sourceforge.tessboxeditor.TessTrainer runCommand
INFO: Exit value = 0
Jan 11, 2017 2:40:10 PM net.sourceforge.tessboxeditor.TessTrainer runCommand
INFO: Command: [/usr/local/bin/wordlist2dawg, pgo.words_list, pgo.word-dawg, pgo.unicharset]
Jan 11, 2017 2:40:10 PM net.sourceforge.tessboxeditor.TessTrainer runCommand
INFO: Exit value = 0
Jan 11, 2017 2:40:10 PM net.sourceforge.tessboxeditor.TessTrainer runDictionary
INFO: Combine Data Files
Jan 11, 2017 2:40:10 PM net.sourceforge.tessboxeditor.TessTrainer runCommand
INFO: Command: [/usr/local/bin/combine_tessdata, pgo.]
Jan 11, 2017 2:40:10 PM net.sourceforge.tessboxeditor.TessTrainer runCommand
INFO: Exit value = 0
Jan 11, 2017 2:40:10 PM net.sourceforge.tessboxeditor.TessTrainer runDictionary
INFO: Moving generated traineddata file to tessdata folder
Jan 11, 2017 2:40:10 PM net.sourceforge.tessboxeditor.TessTrainer runDictionary
INFO: Training Completed
Jan 11, 2017 2:52:24 PM net.sourceforge.tessboxeditor.TessTrainer generateTraineddata
INFO: Run Tesseract for Training
Jan 11, 2017 2:52:24 PM net.sourceforge.tessboxeditor.TessTrainer runCommand
INFO: Command: [/usr/local/bin/tesseract, eng.lato.exp0.tif, eng.lato.exp0, box.train]
Jan 11, 2017 2:52:24 PM net.sourceforge.tessboxeditor.TessTrainer runCommand
INFO: Exit value = 0
Jan 11, 2017 2:52:24 PM net.sourceforge.tessboxeditor.TessTrainer runCommand
INFO: Command: [/usr/local/bin/tesseract, eng.latob.exp0.tif, eng.latob.exp0, box.train]
Jan 11, 2017 2:52:25 PM net.sourceforge.tessboxeditor.TessTrainer runCommand
INFO: Exit value = 0
Jan 11, 2017 2:52:25 PM net.sourceforge.tessboxeditor.TessTrainer generateTraineddata
INFO: Compute the Character Set
Jan 11, 2017 2:52:25 PM net.sourceforge.tessboxeditor.TessTrainer runCommand
INFO: Command: [/usr/local/bin/unicharset_extractor, eng.lato.exp0.box, eng.latob.exp0.box]
Jan 11, 2017 2:52:25 PM net.sourceforge.tessboxeditor.TessTrainer runCommand
INFO: Exit value = 0
Jan 11, 2017 2:52:25 PM net.sourceforge.tessboxeditor.TessTrainer runShapeClustering
INFO: Shape Clustering
Jan 11, 2017 2:52:25 PM net.sourceforge.tessboxeditor.TessTrainer runCommand
INFO: Command: [/usr/local/bin/shapeclustering, -F, eng.font_properties, -U, unicharset, eng.lato.exp0.tr, eng.latob.exp0.tr]
Jan 11, 2017 2:52:25 PM net.sourceforge.tessboxeditor.TessTrainer runCommand
INFO: Exit value = 0
Jan 11, 2017 2:52:25 PM net.sourceforge.tessboxeditor.TessTrainer runShapeClustering
INFO: MF Training
Jan 11, 2017 2:52:25 PM net.sourceforge.tessboxeditor.TessTrainer runCommand
INFO: Command: [/usr/local/bin/mftraining, -F, eng.font_properties, -U, unicharset, -O, eng.unicharset, eng.lato.exp0.tr, eng.latob.exp0.tr]
Jan 11, 2017 2:52:25 PM net.sourceforge.tessboxeditor.TessTrainer runCommand
INFO: Exit value = 0
Jan 11, 2017 2:52:25 PM net.sourceforge.tessboxeditor.TessTrainer runShapeClustering
INFO: CN Training
Jan 11, 2017 2:52:25 PM net.sourceforge.tessboxeditor.TessTrainer runCommand
INFO: Command: [/usr/local/bin/cntraining, eng.lato.exp0.tr, eng.latob.exp0.tr]
Jan 11, 2017 2:52:25 PM net.sourceforge.tessboxeditor.TessTrainer runCommand
INFO: Exit value = 0
Jan 11, 2017 2:52:25 PM net.sourceforge.tessboxeditor.TessTrainer runShapeClustering
INFO: Rename files
Jan 11, 2017 2:52:25 PM net.sourceforge.tessboxeditor.TessTrainer runDictionary
INFO: Dictionary Data
Jan 11, 2017 2:52:25 PM net.sourceforge.tessboxeditor.TessTrainer runCommand
INFO: Command: [/usr/local/bin/wordlist2dawg, eng.frequent_words_list, eng.freq-dawg, eng.unicharset]
Jan 11, 2017 2:52:25 PM net.sourceforge.tessboxeditor.TessTrainer runCommand
INFO: Exit value = 0
Jan 11, 2017 2:52:25 PM net.sourceforge.tessboxeditor.TessTrainer runCommand
INFO: Command: [/usr/local/bin/wordlist2dawg, eng.words_list, eng.word-dawg, eng.unicharset]
Jan 11, 2017 2:52:25 PM net.sourceforge.tessboxeditor.TessTrainer runCommand
INFO: Exit value = 0
Jan 11, 2017 2:52:25 PM net.sourceforge.tessboxeditor.TessTrainer runDictionary
INFO: Combine Data Files
Jan 11, 2017 2:52:25 PM net.sourceforge.tessboxeditor.TessTrainer runCommand
INFO: Command: [/usr/local/bin/combine_tessdata, eng.]
Jan 11, 2017 2:52:25 PM net.sourceforge.tessboxeditor.TessTrainer runCommand
INFO: Exit value = 0
Jan 11, 2017 2:52:25 PM net.sourceforge.tessboxeditor.TessTrainer runDictionary
INFO: Moving generated traineddata file to tessdata folder
Jan 11, 2017 2:52:25 PM net.sourceforge.tessboxeditor.TessTrainer runDictionary
INFO: Training Completed
Jan 11, 2017 2:53:28 PM net.sourceforge.tessboxeditor.TessTrainer generateTraineddata
INFO: Run Tesseract for Training
Jan 11, 2017 2:53:28 PM net.sourceforge.tessboxeditor.TessTrainer runCommand
INFO: Command: [/usr/local/bin/tesseract, jpn.lato.exp0.tif, jpn.lato.exp0, box.train]
Jan 11, 2017 2:53:29 PM net.sourceforge.tessboxeditor.TessTrainer runCommand
INFO: Exit value = 0
Jan 11, 2017 2:53:29 PM net.sourceforge.tessboxeditor.TessTrainer runCommand
INFO: Command: [/usr/local/bin/tesseract, jpn.latob.exp0.tif, jpn.latob.exp0, box.train]
Jan 11, 2017 2:53:29 PM net.sourceforge.tessboxeditor.TessTrainer runCommand
INFO: Exit value = 0
Jan 11, 2017 2:53:29 PM net.sourceforge.tessboxeditor.TessTrainer generateTraineddata
INFO: Compute the Character Set
Jan 11, 2017 2:53:29 PM net.sourceforge.tessboxeditor.TessTrainer runCommand
INFO: Command: [/usr/local/bin/unicharset_extractor, jpn.lato.exp0.box, jpn.latob.exp0.box]
Jan 11, 2017 2:53:29 PM net.sourceforge.tessboxeditor.TessTrainer runCommand
INFO: Exit value = 0
Jan 11, 2017 2:53:29 PM net.sourceforge.tessboxeditor.TessTrainer runShapeClustering
INFO: Shape Clustering
Jan 11, 2017 2:53:29 PM net.sourceforge.tessboxeditor.TessTrainer runCommand
INFO: Command: [/usr/local/bin/shapeclustering, -F, jpn.font_properties, -U, unicharset, jpn.lato.exp0.tr, jpn.latob.exp0.tr]
Jan 11, 2017 2:53:33 PM net.sourceforge.tessboxeditor.TessTrainer runCommand
INFO: Exit value = 0
Jan 11, 2017 2:53:33 PM net.sourceforge.tessboxeditor.TessTrainer runShapeClustering
INFO: MF Training
Jan 11, 2017 2:53:33 PM net.sourceforge.tessboxeditor.TessTrainer runCommand
INFO: Command: [/usr/local/bin/mftraining, -F, jpn.font_properties, -U, unicharset, -O, jpn.unicharset, jpn.lato.exp0.tr, jpn.latob.exp0.tr]
Jan 11, 2017 2:53:33 PM net.sourceforge.tessboxeditor.TessTrainer runCommand
INFO: Exit value = 0
Jan 11, 2017 2:53:33 PM net.sourceforge.tessboxeditor.TessTrainer runShapeClustering
INFO: CN Training
Jan 11, 2017 2:53:33 PM net.sourceforge.tessboxeditor.TessTrainer runCommand
INFO: Command: [/usr/local/bin/cntraining, jpn.lato.exp0.tr, jpn.latob.exp0.tr]
Jan 11, 2017 2:53:33 PM net.sourceforge.tessboxeditor.TessTrainer runCommand
INFO: Exit value = 0
Jan 11, 2017 2:53:33 PM net.sourceforge.tessboxeditor.TessTrainer runShapeClustering
INFO: Rename files
Jan 11, 2017 2:53:33 PM net.sourceforge.tessboxeditor.TessTrainer runDictionary
INFO: Dictionary Data
Jan 11, 2017 2:53:33 PM net.sourceforge.tessboxeditor.TessTrainer runCommand
INFO: Command: [/usr/local/bin/wordlist2dawg, jpn.frequent_words_list, jpn.freq-dawg, jpn.unicharset]
Jan 11, 2017 2:53:33 PM net.sourceforge.tessboxeditor.TessTrainer runCommand
INFO: Exit value = 0
Jan 11, 2017 2:53:33 PM net.sourceforge.tessboxeditor.TessTrainer runCommand
INFO: Command: [/usr/local/bin/wordlist2dawg, jpn.words_list, jpn.word-dawg, jpn.unicharset]
Jan 11, 2017 2:53:33 PM net.sourceforge.tessboxeditor.TessTrainer runCommand
INFO: Exit value = 0
Jan 11, 2017 2:53:33 PM net.sourceforge.tessboxeditor.TessTrainer runDictionary
INFO: Combine Data Files
Jan 11, 2017 2:53:33 PM net.sourceforge.tessboxeditor.TessTrainer runCommand
INFO: Command: [/usr/local/bin/combine_tessdata, jpn.]
Jan 11, 2017 2:53:33 PM net.sourceforge.tessboxeditor.TessTrainer runCommand
INFO: Exit value = 0
Jan 11, 2017 2:53:33 PM net.sourceforge.tessboxeditor.TessTrainer runDictionary
INFO: Moving generated traineddata file to tessdata folder
Jan 11, 2017 2:53:33 PM net.sourceforge.tessboxeditor.TessTrainer runDictionary
INFO: Training Completed
Jan 11, 2017 2:58:49 PM net.sourceforge.tessboxeditor.TessTrainer generateTraineddata
INFO: Run Tesseract for Training
Jan 11, 2017 2:58:49 PM net.sourceforge.tessboxeditor.TessTrainer runCommand
INFO: Command: [/usr/local/bin/tesseract, jpn.lato.exp0.tif, jpn.lato.exp0, box.train]
Jan 11, 2017 2:58:50 PM net.sourceforge.tessboxeditor.TessTrainer runCommand
INFO: Exit value = 0
Jan 11, 2017 2:58:50 PM net.sourceforge.tessboxeditor.TessTrainer runCommand
INFO: Command: [/usr/local/bin/tesseract, jpn.latob.exp0.tif, jpn.latob.exp0, box.train]
Jan 11, 2017 2:58:51 PM net.sourceforge.tessboxeditor.TessTrainer runCommand
INFO: Exit value = 0
Jan 11, 2017 2:58:51 PM net.sourceforge.tessboxeditor.TessTrainer generateTraineddata
INFO: Compute the Character Set
Jan 11, 2017 2:58:51 PM net.sourceforge.tessboxeditor.TessTrainer runCommand
INFO: Command: [/usr/local/bin/unicharset_extractor, jpn.lato.exp0.box, jpn.latob.exp0.box]
Jan 11, 2017 2:58:51 PM net.sourceforge.tessboxeditor.TessTrainer runCommand
INFO: Exit value = 0
Jan 11, 2017 2:58:51 PM net.sourceforge.tessboxeditor.TessTrainer runShapeClustering
INFO: Shape Clustering
Jan 11, 2017 2:58:51 PM net.sourceforge.tessboxeditor.TessTrainer runCommand
INFO: Command: [/usr/local/bin/shapeclustering, -F, jpn.font_properties, -U, unicharset, jpn.lato.exp0.tr, jpn.latob.exp0.tr]
Jan 11, 2017 2:58:54 PM net.sourceforge.tessboxeditor.TessTrainer runCommand
INFO: Exit value = 0
Jan 11, 2017 2:58:54 PM net.sourceforge.tessboxeditor.TessTrainer runShapeClustering
INFO: MF Training
Jan 11, 2017 2:58:54 PM net.sourceforge.tessboxeditor.TessTrainer runCommand
INFO: Command: [/usr/local/bin/mftraining, -F, jpn.font_properties, -U, unicharset, -O, jpn.unicharset, jpn.lato.exp0.tr, jpn.latob.exp0.tr]
Jan 11, 2017 2:58:55 PM net.sourceforge.tessboxeditor.TessTrainer runCommand
INFO: Exit value = 0
Jan 11, 2017 2:58:55 PM net.sourceforge.tessboxeditor.TessTrainer runShapeClustering
INFO: CN Training
Jan 11, 2017 2:58:55 PM net.sourceforge.tessboxeditor.TessTrainer runCommand
INFO: Command: [/usr/local/bin/cntraining, jpn.lato.exp0.tr, jpn.latob.exp0.tr]
Jan 11, 2017 2:58:55 PM net.sourceforge.tessboxeditor.TessTrainer runCommand
INFO: Exit value = 0
Jan 11, 2017 2:58:55 PM net.sourceforge.tessboxeditor.TessTrainer runShapeClustering
INFO: Rename files
Jan 11, 2017 2:58:55 PM net.sourceforge.tessboxeditor.TessTrainer runDictionary
INFO: Dictionary Data
Jan 11, 2017 2:58:55 PM net.sourceforge.tessboxeditor.TessTrainer runCommand
INFO: Command: [/usr/local/bin/wordlist2dawg, jpn.frequent_words_list, jpn.freq-dawg, jpn.unicharset]
Jan 11, 2017 2:58:55 PM net.sourceforge.tessboxeditor.TessTrainer runCommand
INFO: Exit value = 0
Jan 11, 2017 2:58:55 PM net.sourceforge.tessboxeditor.TessTrainer runCommand
INFO: Command: [/usr/local/bin/wordlist2dawg, jpn.words_list, jpn.word-dawg, jpn.unicharset]
Jan 11, 2017 2:58:55 PM net.sourceforge.tessboxeditor.TessTrainer runCommand
INFO: Exit value = 0
Jan 11, 2017 2:58:55 PM net.sourceforge.tessboxeditor.TessTrainer runDictionary
INFO: Combine Data Files
Jan 11, 2017 2:58:55 PM net.sourceforge.tessboxeditor.TessTrainer runCommand
INFO: Command: [/usr/local/bin/combine_tessdata, jpn.]
Jan 11, 2017 2:58:55 PM net.sourceforge.tessboxeditor.TessTrainer runCommand
INFO: Exit value = 0
Jan 11, 2017 2:58:55 PM net.sourceforge.tessboxeditor.TessTrainer runDictionary
INFO: Moving generated traineddata file to tessdata folder
Jan 11, 2017 2:58:55 PM net.sourceforge.tessboxeditor.TessTrainer runDictionary
INFO: Training Completed
Jan 11, 2017 2:59:06 PM net.sourceforge.tessboxeditor.TessTrainer generateTraineddata
INFO: Run Tesseract for Training
Jan 11, 2017 2:59:06 PM net.sourceforge.tessboxeditor.TessTrainer runCommand
INFO: Command: [/usr/local/bin/tesseract, eng.lato.exp0.tif, eng.lato.exp0, box.train]
Jan 11, 2017 2:59:07 PM net.sourceforge.tessboxeditor.TessTrainer runCommand
INFO: Exit value = 0
Jan 11, 2017 2:59:07 PM net.sourceforge.tessboxeditor.TessTrainer runCommand
INFO: Command: [/usr/local/bin/tesseract, eng.latob.exp0.tif, eng.latob.exp0, box.train]
Jan 11, 2017 2:59:07 PM net.sourceforge.tessboxeditor.TessTrainer runCommand
INFO: Exit value = 0
Jan 11, 2017 2:59:07 PM net.sourceforge.tessboxeditor.TessTrainer generateTraineddata
INFO: Compute the Character Set
Jan 11, 2017 2:59:07 PM net.sourceforge.tessboxeditor.TessTrainer runCommand
INFO: Command: [/usr/local/bin/unicharset_extractor, eng.lato.exp0.box, eng.latob.exp0.box]
Jan 11, 2017 2:59:07 PM net.sourceforge.tessboxeditor.TessTrainer runCommand
INFO: Exit value = 0
Jan 11, 2017 2:59:07 PM net.sourceforge.tessboxeditor.TessTrainer runShapeClustering
INFO: Shape Clustering
Jan 11, 2017 2:59:07 PM net.sourceforge.tessboxeditor.TessTrainer runCommand
INFO: Command: [/usr/local/bin/shapeclustering, -F, eng.font_properties, -U, unicharset, eng.lato.exp0.tr, eng.latob.exp0.tr]
Jan 11, 2017 2:59:07 PM net.sourceforge.tessboxeditor.TessTrainer runCommand
INFO: Exit value = 0
Jan 11, 2017 2:59:07 PM net.sourceforge.tessboxeditor.TessTrainer runShapeClustering
INFO: MF Training
Jan 11, 2017 2:59:07 PM net.sourceforge.tessboxeditor.TessTrainer runCommand
INFO: Command: [/usr/local/bin/mftraining, -F, eng.font_properties, -U, unicharset, -O, eng.unicharset, eng.lato.exp0.tr, eng.latob.exp0.tr]
Jan 11, 2017 2:59:08 PM net.sourceforge.tessboxeditor.TessTrainer runCommand
INFO: Exit value = 0
Jan 11, 2017 2:59:08 PM net.sourceforge.tessboxeditor.TessTrainer runShapeClustering
INFO: CN Training
Jan 11, 2017 2:59:08 PM net.sourceforge.tessboxeditor.TessTrainer runCommand
INFO: Command: [/usr/local/bin/cntraining, eng.lato.exp0.tr, eng.latob.exp0.tr]
Jan 11, 2017 2:59:08 PM net.sourceforge.tessboxeditor.TessTrainer runCommand
INFO: Exit value = 0
Jan 11, 2017 2:59:08 PM net.sourceforge.tessboxeditor.TessTrainer runShapeClustering
INFO: Rename files
Jan 11, 2017 2:59:08 PM net.sourceforge.tessboxeditor.TessTrainer runDictionary
INFO: Dictionary Data
Jan 11, 2017 2:59:08 PM net.sourceforge.tessboxeditor.TessTrainer runCommand
INFO: Command: [/usr/local/bin/wordlist2dawg, eng.frequent_words_list, eng.freq-dawg, eng.unicharset]
Jan 11, 2017 2:59:08 PM net.sourceforge.tessboxeditor.TessTrainer runCommand
INFO: Exit value = 0
Jan 11, 2017 2:59:08 PM net.sourceforge.tessboxeditor.TessTrainer runCommand
INFO: Command: [/usr/local/bin/wordlist2dawg, eng.words_list, eng.word-dawg, eng.unicharset]
Jan 11, 2017 2:59:08 PM net.sourceforge.tessboxeditor.TessTrainer runCommand
INFO: Exit value = 0
Jan 11, 2017 2:59:08 PM net.sourceforge.tessboxeditor.TessTrainer runDictionary
INFO: Combine Data Files
Jan 11, 2017 2:59:08 PM net.sourceforge.tessboxeditor.TessTrainer runCommand
INFO: Command: [/usr/local/bin/combine_tessdata, eng.]
Jan 11, 2017 2:59:08 PM net.sourceforge.tessboxeditor.TessTrainer runCommand
INFO: Exit value = 0
Jan 11, 2017 2:59:08 PM net.sourceforge.tessboxeditor.TessTrainer runDictionary
INFO: Moving generated traineddata file to tessdata folder
Jan 11, 2017 2:59:08 PM net.sourceforge.tessboxeditor.TessTrainer runDictionary
INFO: Training Completed
